<?xml version="1.0" encoding="UTF-8"?>
<testng-results ignored="0" total="1" passed="1" failed="0" skipped="0">
  <reporter-output>
  </reporter-output>
  <suite started-at="2023-04-17T16:39:13 IST" name="Default suite" finished-at="2023-04-17T16:39:14 IST" duration-ms="573">
    <groups>
    </groups>
    <test started-at="2023-04-17T16:39:13 IST" name="Default test" finished-at="2023-04-17T16:39:14 IST" duration-ms="573">
      <class name="DBTest">
        <test-method is-config="true" signature="setUp()[pri:0, instance:DBTest@17497425]" started-at="2023-04-17T16:39:13 IST" name="setUp" finished-at="2023-04-17T16:39:14 IST" duration-ms="347" status="PASS">
          <reporter-output>
          </reporter-output>
        </test-method> <!-- setUp -->
        <test-method signature="test()[pri:0, instance:DBTest@17497425]" started-at="2023-04-17T16:39:14 IST" name="test" finished-at="2023-04-17T16:39:14 IST" duration-ms="17" status="PASS">
          <reporter-output>
          </reporter-output>
        </test-method> <!-- test -->
        <test-method is-config="true" signature="tearDown()[pri:0, instance:DBTest@17497425]" started-at="2023-04-17T16:39:14 IST" name="tearDown" finished-at="2023-04-17T16:39:14 IST" duration-ms="1" status="PASS">
          <reporter-output>
          </reporter-output>
        </test-method> <!-- tearDown -->
      </class> <!-- DBTest -->
    </test> <!-- Default test -->
  </suite> <!-- Default suite -->
</testng-results>
